<?xml version="1.0" encoding="UTF-8"?>
<testsuites name="bun test" tests="1459" assertions="3078" failures="0" skipped="6" time="300.4481177">
  <testsuite name="test\bun.test.ts" file="test\bun.test.ts" tests="3" assertions="15" failures="0" skipped="0" time="0" hostname="">
    <testsuite name="BunProc registry configuration" file="test\bun.test.ts" line="5" tests="3" assertions="15" failures="0" skipped="0" time="0.015" hostname="">
      <testcase name="should not contain hardcoded registry parameters" classname="BunProc registry configuration" time="0.015" file="test\bun.test.ts" line="6" assertions="3" />
      <testcase name="should use Bun&apos;s default registry resolution" classname="BunProc registry configuration" time="0" file="test\bun.test.ts" line="17" assertions="3" />
      <testcase name="should have correct command structure without registry" classname="BunProc registry configuration" time="0" file="test\bun.test.ts" line="28" assertions="9" />
    </testsuite>
  </testsuite>
  <testsuite name="test\keybind.test.ts" file="test\keybind.test.ts" tests="47" assertions="47" failures="0" skipped="0" time="0" hostname="">
    <testsuite name="Keybind.toString" file="test\keybind.test.ts" line="4" tests="16" assertions="16" failures="0" skipped="0" time="0" hostname="">
      <testcase name="should convert simple key to string" classname="Keybind.toString" time="0" file="test\keybind.test.ts" line="5" assertions="1" />
      <testcase name="should convert ctrl modifier to string" classname="Keybind.toString" time="0" file="test\keybind.test.ts" line="10" assertions="1" />
      <testcase name="should convert leader key to string" classname="Keybind.toString" time="0" file="test\keybind.test.ts" line="15" assertions="1" />
      <testcase name="should convert multiple modifiers to string" classname="Keybind.toString" time="0" file="test\keybind.test.ts" line="20" assertions="1" />
      <testcase name="should convert all modifiers to string" classname="Keybind.toString" time="0" file="test\keybind.test.ts" line="25" assertions="1" />
      <testcase name="should convert shift modifier to string" classname="Keybind.toString" time="0" file="test\keybind.test.ts" line="30" assertions="1" />
      <testcase name="should convert function key to string" classname="Keybind.toString" time="0" file="test\keybind.test.ts" line="41" assertions="1" />
      <testcase name="should convert special key to string" classname="Keybind.toString" time="0" file="test\keybind.test.ts" line="46" assertions="1" />
      <testcase name="should handle empty name" classname="Keybind.toString" time="0" file="test\keybind.test.ts" line="57" assertions="1" />
      <testcase name="should handle only modifiers" classname="Keybind.toString" time="0" file="test\keybind.test.ts" line="62" assertions="1" />
      <testcase name="should handle only leader with no other parts" classname="Keybind.toString" time="0" file="test\keybind.test.ts" line="67" assertions="1" />
      <testcase name="should convert super modifier to string" classname="Keybind.toString" time="0" file="test\keybind.test.ts" line="72" assertions="1" />
      <testcase name="should convert super+shift modifier to string" classname="Keybind.toString" time="0" file="test\keybind.test.ts" line="77" assertions="1" />
      <testcase name="should handle super with ctrl modifier" classname="Keybind.toString" time="0" file="test\keybind.test.ts" line="82" assertions="1" />
      <testcase name="should handle super with all modifiers" classname="Keybind.toString" time="0" file="test\keybind.test.ts" line="87" assertions="1" />
      <testcase name="should handle undefined super field (omitted)" classname="Keybind.toString" time="0" file="test\keybind.test.ts" line="92" assertions="1" />
    </testsuite>
    <testsuite name="Keybind.match" file="test\keybind.test.ts" line="98" tests="13" assertions="13" failures="0" skipped="0" time="0" hostname="">
      <testcase name="should match identical keybinds" classname="Keybind.match" time="0" file="test\keybind.test.ts" line="99" assertions="1" />
      <testcase name="should not match different key names" classname="Keybind.match" time="0" file="test\keybind.test.ts" line="105" assertions="1" />
      <testcase name="should not match different modifiers" classname="Keybind.match" time="0" file="test\keybind.test.ts" line="111" assertions="1" />
      <testcase name="should match leader keybinds" classname="Keybind.match" time="0" file="test\keybind.test.ts" line="117" assertions="1" />
      <testcase name="should not match leader vs non-leader" classname="Keybind.match" time="0" file="test\keybind.test.ts" line="123" assertions="1" />
      <testcase name="should match complex keybinds" classname="Keybind.match" time="0" file="test\keybind.test.ts" line="129" assertions="1" />
      <testcase name="should not match with one modifier different" classname="Keybind.match" time="0" file="test\keybind.test.ts" line="135" assertions="1" />
      <testcase name="should match simple key without modifiers" classname="Keybind.match" time="0" file="test\keybind.test.ts" line="141" assertions="1" />
      <testcase name="should match super modifier keybinds" classname="Keybind.match" time="0" file="test\keybind.test.ts" line="147" assertions="1" />
      <testcase name="should not match super vs non-super" classname="Keybind.match" time="0" file="test\keybind.test.ts" line="153" assertions="1" />
      <testcase name="should match undefined super with false super" classname="Keybind.match" time="0" file="test\keybind.test.ts" line="159" assertions="1" />
      <testcase name="should match super+shift combination" classname="Keybind.match" time="0" file="test\keybind.test.ts" line="165" assertions="1" />
      <testcase name="should not match when only super differs" classname="Keybind.match" time="0" file="test\keybind.test.ts" line="171" assertions="1" />
    </testsuite>
    <testsuite name="Keybind.parse" file="test\keybind.test.ts" line="178" tests="18" assertions="18" failures="0" skipped="0" time="0.015" hostname="">
      <testcase name="should parse simple key" classname="Keybind.parse" time="0.015" file="test\keybind.test.ts" line="179" assertions="1" />
      <testcase name="should parse leader key syntax" classname="Keybind.parse" time="0" file="test\keybind.test.ts" line="192" assertions="1" />
      <testcase name="should parse ctrl modifier" classname="Keybind.parse" time="0" file="test\keybind.test.ts" line="205" assertions="1" />
      <testcase name="should parse multiple modifiers" classname="Keybind.parse" time="0" file="test\keybind.test.ts" line="218" assertions="1" />
      <testcase name="should parse shift modifier" classname="Keybind.parse" time="0" file="test\keybind.test.ts" line="231" assertions="1" />
      <testcase name="should parse meta/alt modifier" classname="Keybind.parse" time="0" file="test\keybind.test.ts" line="244" assertions="1" />
      <testcase name="should parse leader with modifier" classname="Keybind.parse" time="0" file="test\keybind.test.ts" line="257" assertions="1" />
      <testcase name="should parse multiple keybinds separated by comma" classname="Keybind.parse" time="0" file="test\keybind.test.ts" line="270" assertions="1" />
      <testcase name="should parse shift+return combination" classname="Keybind.parse" time="0" file="test\keybind.test.ts" line="290" assertions="1" />
      <testcase name="should parse ctrl+j combination" classname="Keybind.parse" time="0" file="test\keybind.test.ts" line="303" assertions="1" />
      <testcase name="should handle &apos;none&apos; value" classname="Keybind.parse" time="0" file="test\keybind.test.ts" line="316" assertions="1" />
      <testcase name="should handle special keys" classname="Keybind.parse" time="0" file="test\keybind.test.ts" line="321" assertions="1" />
      <testcase name="should handle function keys" classname="Keybind.parse" time="0" file="test\keybind.test.ts" line="334" assertions="1" />
      <testcase name="should handle complex multi-modifier combination" classname="Keybind.parse" time="0" file="test\keybind.test.ts" line="347" assertions="1" />
      <testcase name="should be case insensitive" classname="Keybind.parse" time="0" file="test\keybind.test.ts" line="360" assertions="1" />
      <testcase name="should parse super modifier" classname="Keybind.parse" time="0" file="test\keybind.test.ts" line="373" assertions="1" />
      <testcase name="should parse super with shift modifier" classname="Keybind.parse" time="0" file="test\keybind.test.ts" line="387" assertions="1" />
      <testcase name="should parse multiple keybinds with super" classname="Keybind.parse" time="0" file="test\keybind.test.ts" line="401" assertions="1" />
    </testsuite>
  </testsuite>
  <testsuite name="test\permission-task.test.ts" file="test\permission-task.test.ts" tests="21" assertions="45" failures="0" skipped="0" time="0" hostname="">
    <testsuite name="PermissionNext.evaluate for permission.task" file="test\permission-task.test.ts" line="7" tests="9" assertions="16" failures="0" skipped="0" time="0.016" hostname="">
      <testcase name="returns ask when no match (default)" classname="PermissionNext.evaluate for permission.task" time="0" file="test\permission-task.test.ts" line="15" assertions="1" />
      <testcase name="returns deny for explicit deny" classname="PermissionNext.evaluate for permission.task" time="0" file="test\permission-task.test.ts" line="19" assertions="1" />
      <testcase name="returns allow for explicit allow" classname="PermissionNext.evaluate for permission.task" time="0" file="test\permission-task.test.ts" line="24" assertions="1" />
      <testcase name="returns ask for explicit ask" classname="PermissionNext.evaluate for permission.task" time="0" file="test\permission-task.test.ts" line="29" assertions="1" />
      <testcase name="matches wildcard patterns with deny" classname="PermissionNext.evaluate for permission.task" time="0" file="test\permission-task.test.ts" line="34" assertions="3" />
      <testcase name="matches wildcard patterns with allow" classname="PermissionNext.evaluate for permission.task" time="0" file="test\permission-task.test.ts" line="41" assertions="2" />
      <testcase name="matches wildcard patterns with ask" classname="PermissionNext.evaluate for permission.task" time="0" file="test\permission-task.test.ts" line="47" assertions="2" />
      <testcase name="later rules take precedence (last match wins)" classname="PermissionNext.evaluate for permission.task" time="0" file="test\permission-task.test.ts" line="54" assertions="2" />
      <testcase name="matches global wildcard" classname="PermissionNext.evaluate for permission.task" time="0.016" file="test\permission-task.test.ts" line="63" assertions="3" />
    </testsuite>
    <testsuite name="PermissionNext.disabled for task tool" file="test\permission-task.test.ts" line="70" tests="6" assertions="6" failures="0" skipped="0" time="0" hostname="">
      <testcase name="task tool is disabled when global deny pattern exists (even with specific allows)" classname="PermissionNext.disabled for task tool" time="0" file="test\permission-task.test.ts" line="81" assertions="1" />
      <testcase name="task tool is disabled when global deny pattern exists (even with ask overrides)" classname="PermissionNext.disabled for task tool" time="0" file="test\permission-task.test.ts" line="93" assertions="1" />
      <testcase name="task tool is disabled when global deny pattern exists" classname="PermissionNext.disabled for task tool" time="0" file="test\permission-task.test.ts" line="103" assertions="1" />
      <testcase name="task tool is NOT disabled when only specific patterns are denied (no wildcard)" classname="PermissionNext.disabled for task tool" time="0" file="test\permission-task.test.ts" line="109" assertions="1" />
      <testcase name="task tool is enabled when no task rules exist (default ask)" classname="PermissionNext.disabled for task tool" time="0" file="test\permission-task.test.ts" line="121" assertions="1" />
      <testcase name="task tool is NOT disabled when last wildcard pattern is allow" classname="PermissionNext.disabled for task tool" time="0" file="test\permission-task.test.ts" line="126" assertions="1" />
    </testsuite>
    <testsuite name="permission.task with real config files" file="test\permission-task.test.ts" line="141" tests="6" assertions="23" failures="0" skipped="0" time="3.765" hostname="">
      <testcase name="loads task permissions from opencode.json config" classname="permission.task with real config files" time="0.781" file="test\permission-task.test.ts" line="142" assertions="3" />
      <testcase name="loads task permissions with wildcard patterns from config" classname="permission.task with real config files" time="0.734" file="test\permission-task.test.ts" line="167" assertions="3" />
      <testcase name="evaluate respects task permission from config" classname="permission.task with real config files" time="0.61" file="test\permission-task.test.ts" line="192" assertions="3" />
      <testcase name="mixed permission config with task and other tools" classname="permission.task with real config files" time="0.547" file="test\permission-task.test.ts" line="217" assertions="7" />
      <testcase name="task tool disabled when global deny comes last in config" classname="permission.task with real config files" time="0.5" file="test\permission-task.test.ts" line="256" assertions="4" />
      <testcase name="task tool NOT disabled when specific allow comes last in config" classname="permission.task with real config files" time="0.593" file="test\permission-task.test.ts" line="288" assertions="3" />
    </testsuite>
  </testsuite>
  <testsuite name="test\scheduler.test.ts" file="test\scheduler.test.ts" tests="2" assertions="4" failures="0" skipped="0" time="0" hostname="">
    <testsuite name="Scheduler.register" file="test\scheduler.test.ts" line="6" tests="2" assertions="4" failures="0" skipped="0" time="1.891" hostname="">
      <testcase name="defaults to instance scope per directory" classname="Scheduler.register" time="1.047" file="test\scheduler.test.ts" line="9" assertions="2" />
      <testcase name="global scope runs once across instances" classname="Scheduler.register" time="0.844" file="test\scheduler.test.ts" line="41" assertions="2" />
    </testsuite>
  </testsuite>
  <testsuite name="src\session\compaction.repro.test.ts" file="src\session\compaction.repro.test.ts" tests="2" assertions="2" failures="0" skipped="0" time="0" hostname="">
    <testsuite name="SessionCompaction.isOverflow" file="src\session\compaction.repro.test.ts" line="6" tests="2" assertions="2" failures="0" skipped="0" time="0" hostname="">
      <testcase name="returns true when model context limit is 0 (uses fallback)" classname="SessionCompaction.isOverflow" time="0" file="src\session\compaction.repro.test.ts" line="17" assertions="1" />
      <testcase name="returns true when usage exceeds limit" classname="SessionCompaction.isOverflow" time="0" file="src\session\compaction.repro.test.ts" line="38" assertions="1" />
    </testsuite>
  </testsuite>
  <testsuite name="test\acp\agent-interface.test.ts" file="test\acp\agent-interface.test.ts" tests="1" assertions="11" failures="0" skipped="0" time="0" hostname="">
    <testsuite name="acp.agent interface compliance" file="test\acp\agent-interface.test.ts" line="22" tests="1" assertions="11" failures="0" skipped="0" time="0" hostname="">
      <testcase name="Agent implements all SDK-checked methods" classname="acp.agent interface compliance" time="0" file="test\acp\agent-interface.test.ts" line="44" assertions="11" />
    </testsuite>
  </testsuite>
  <testsuite name="test\acp\event-subscription.test.ts" file="test\acp\event-subscription.test.ts" tests="5" assertions="15" failures="0" skipped="0" time="0" hostname="">
    <testsuite name="acp.agent event subscription" file="test\acp\event-subscription.test.ts" line="195" tests="5" assertions="15" failures="0" skipped="0" time="0.281" hostname="">
      <testcase name="routes message.part.updated by the event sessionID (no cross-session pollution)" classname="acp.agent event subscription" time="0.047" file="test\acp\event-subscription.test.ts" line="196" assertions="2" />
      <testcase name="keeps concurrent sessions isolated when message.part.updated events are interleaved" classname="acp.agent event subscription" time="0.047" file="test\acp\event-subscription.test.ts" line="233" assertions="8" />
      <testcase name="does not create additional event subscriptions on repeated loadSession()" classname="acp.agent event subscription" time="0.031" file="test\acp\event-subscription.test.ts" line="287" assertions="1" />
      <testcase name="permission.asked events are handled and replied" classname="acp.agent event subscription" time="0.031" file="test\acp\event-subscription.test.ts" line="309" assertions="1" />
      <testcase name="permission prompt on session A does not block message updates for session B" classname="acp.agent event subscription" time="0.125" file="test\acp\event-subscription.test.ts" line="348" assertions="3" />
    </testsuite>
  </testsuite>
  <testsuite name="test\agent\agent.test.ts" file="test\agent\agent.test.ts" tests="36" assertions="92" failures="0" skipped="0" time="1.655" hostname="">
    <testcase name="returns default native agents when no config" classname="" time="0.016" file="test\agent\agent.test.ts" line="25" assertions="7" />
    <testcase name="build agent has correct default properties" classname="" time="0.078" file="test\agent\agent.test.ts" line="43" assertions="5" />
    <testcase name="plan agent denies edits except .opencode/plans/*" classname="" time="0.015" file="test\agent\agent.test.ts" line="58" assertions="3" />
    <testcase name="explore agent denies edit and write" classname="" time="0.032" file="test\agent\agent.test.ts" line="73" assertions="6" />
    <testcase name="general agent denies todo tools" classname="" time="0.031" file="test\agent\agent.test.ts" line="89" assertions="5" />
    <testcase name="compaction agent denies all permissions" classname="" time="0.047" file="test\agent\agent.test.ts" line="104" assertions="5" />
    <testcase name="custom agent from config creates new agent" classname="" time="0.015" file="test\agent\agent.test.ts" line="119" assertions="8" />
    <testcase name="custom agent config overrides native agent properties" classname="" time="0.063" file="test\agent\agent.test.ts" line="148" assertions="7" />
    <testcase name="agent disable removes agent from list" classname="" time="0.031" file="test\agent\agent.test.ts" line="176" assertions="2" />
    <testcase name="agent permission config merges with defaults" classname="" time="0.047" file="test\agent\agent.test.ts" line="196" assertions="3" />
    <testcase name="global permission config applies to all agents" classname="" time="0.015" file="test\agent\agent.test.ts" line="223" assertions="2" />
    <testcase name="agent steps/maxSteps config sets steps property" classname="" time="0.032" file="test\agent\agent.test.ts" line="241" assertions="2" />
    <testcase name="agent mode can be overridden" classname="" time="0.031" file="test\agent\agent.test.ts" line="261" assertions="1" />
    <testcase name="agent name can be overridden" classname="" time="0.031" file="test\agent\agent.test.ts" line="278" assertions="1" />
    <testcase name="agent prompt can be set from config" classname="" time="0.078" file="test\agent\agent.test.ts" line="295" assertions="1" />
    <testcase name="unknown agent properties are placed into options" classname="" time="0.125" file="test\agent\agent.test.ts" line="312" assertions="2" />
    <testcase name="agent options merge correctly" classname="" time="0.156" file="test\agent\agent.test.ts" line="333" assertions="2" />
    <testcase name="multiple custom agents can be defined" classname="" time="0.016" file="test\agent\agent.test.ts" line="356" assertions="4" />
    <testcase name="Agent.get returns undefined for non-existent agent" classname="" time="0.031" file="test\agent\agent.test.ts" line="384" assertions="1" />
    <testcase name="default permission includes doom_loop and external_directory as ask" classname="" time="0.016" file="test\agent\agent.test.ts" line="395" assertions="2" />
    <testcase name="webfetch is allowed by default" classname="" time="0" file="test\agent\agent.test.ts" line="407" assertions="1" />
    <testcase name="legacy tools config converts to permissions" classname="" time="0.015" file="test\agent\agent.test.ts" line="418" assertions="2" />
    <testcase name="legacy tools config maps write/edit/patch/multiedit to edit permission" classname="" time="0.016" file="test\agent\agent.test.ts" line="441" assertions="1" />
    <testcase name="Truncate.GLOB is allowed even when user denies external_directory globally" classname="" time="0.015" file="test\agent\agent.test.ts" line="462" assertions="3" />
    <testcase name="Truncate.GLOB is allowed even when user denies external_directory per-agent" classname="" time="0.047" file="test\agent\agent.test.ts" line="482" assertions="3" />
    <testcase name="explicit Truncate.GLOB deny is respected" classname="" time="0.016" file="test\agent\agent.test.ts" line="506" assertions="2" />
    <testcase name="skill directories are allowed for external_directory" classname="" time="0.515" file="test\agent\agent.test.ts" line="528" assertions="1" />
    <testcase name="defaultAgent returns build when no default_agent config" classname="" time="0.016" file="test\agent\agent.test.ts" line="566" assertions="1" />
    <testcase name="defaultAgent respects default_agent config set to plan" classname="" time="0.015" file="test\agent\agent.test.ts" line="577" assertions="1" />
    <testcase name="defaultAgent respects default_agent config set to custom agent with mode all" classname="" time="0" file="test\agent\agent.test.ts" line="592" assertions="1" />
    <testcase name="defaultAgent throws when default_agent points to subagent" classname="" time="0.016" file="test\agent\agent.test.ts" line="612" assertions="1" />
    <testcase name="defaultAgent throws when default_agent points to hidden agent" classname="" time="0.016" file="test\agent\agent.test.ts" line="626" assertions="1" />
    <testcase name="defaultAgent throws when default_agent points to non-existent agent" classname="" time="0.031" file="test\agent\agent.test.ts" line="640" assertions="1" />
    <testcase name="defaultAgent returns plan when build is disabled and default_agent not set" classname="" time="0.016" file="test\agent\agent.test.ts" line="654" assertions="1" />
    <testcase name="defaultAgent throws when all primary agents are disabled" classname="" time="0" file="test\agent\agent.test.ts" line="672" assertions="1" />
    <testcase name="build agent defaults *.env to ask" classname="" time="0.015" file="test\agent\agent.test.ts" line="690" assertions="2" />
  </testsuite>
  <testsuite name="test\auth\auth.test.ts" file="test\auth\auth.test.ts" tests="6" assertions="8" failures="0" skipped="0" time="0" hostname="">
    <testsuite name="Auth" file="test\auth\auth.test.ts" line="8" tests="6" assertions="8" failures="0" skipped="0" time="0.063" hostname="">
      <testcase name="should set and get auth info" classname="Auth" time="0.015" file="test\auth\auth.test.ts" line="26" assertions="1" />
      <testcase name="should handle multiple providers" classname="Auth" time="0.016" file="test\auth\auth.test.ts" line="34" assertions="2" />
      <testcase name="should remove auth info" classname="Auth" time="0.016" file="test\auth\auth.test.ts" line="52" assertions="1" />
      <testcase name="should handle missing auth file" classname="Auth" time="0" file="test\auth\auth.test.ts" line="61" assertions="1" />
      <testcase name="should filter out invalid auth data" classname="Auth" time="0.016" file="test\auth\auth.test.ts" line="66" assertions="2" />
      <testcase name="should handle wellknown auth type" classname="Auth" time="0" file="test\auth\auth.test.ts" line="80" assertions="1" />
    </testsuite>
  </testsuite>
  <testsuite name="test\cli\github-action.test.ts" file="test\cli\github-action.test.ts" tests="14" assertions="14" failures="0" skipped="0" time="0" hostname="">
    <testsuite name="extractResponseText" file="test\cli\github-action.test.ts" line="82" tests="14" assertions="14" failures="0" skipped="0" time="0" hostname="">
      <testcase name="returns text from text part" classname="extractResponseText" time="0" file="test\cli\github-action.test.ts" line="83" assertions="1" />
      <testcase name="returns last text part when multiple exist" classname="extractResponseText" time="0" file="test\cli\github-action.test.ts" line="88" assertions="1" />
      <testcase name="returns text even when tool parts follow" classname="extractResponseText" time="0" file="test\cli\github-action.test.ts" line="93" assertions="1" />
      <testcase name="returns null for reasoning-only response (signals summary needed)" classname="extractResponseText" time="0" file="test\cli\github-action.test.ts" line="98" assertions="1" />
      <testcase name="returns null for tool-only response (signals summary needed)" classname="extractResponseText" time="0" file="test\cli\github-action.test.ts" line="103" assertions="1" />
      <testcase name="returns null for multiple completed tools" classname="extractResponseText" time="0" file="test\cli\github-action.test.ts" line="109" assertions="1" />
      <testcase name="returns null for running tool parts (signals summary needed)" classname="extractResponseText" time="0" file="test\cli\github-action.test.ts" line="118" assertions="1" />
      <testcase name="throws on empty array" classname="extractResponseText" time="0" file="test\cli\github-action.test.ts" line="123" assertions="1" />
      <testcase name="returns null for step-start only" classname="extractResponseText" time="0" file="test\cli\github-action.test.ts" line="127" assertions="1" />
      <testcase name="returns null for step-finish only" classname="extractResponseText" time="0" file="test\cli\github-action.test.ts" line="132" assertions="1" />
      <testcase name="returns null for step-start and step-finish" classname="extractResponseText" time="0" file="test\cli\github-action.test.ts" line="137" assertions="1" />
      <testcase name="returns text from multi-step response" classname="extractResponseText" time="0" file="test\cli\github-action.test.ts" line="142" assertions="1" />
      <testcase name="prefers text over reasoning when both present" classname="extractResponseText" time="0" file="test\cli\github-action.test.ts" line="152" assertions="1" />
      <testcase name="prefers text over tools when both present" classname="extractResponseText" time="0" file="test\cli\github-action.test.ts" line="157" assertions="1" />
    </testsuite>
  </testsuite>
  <testsuite name="test\cli\github-remote.test.ts" file="test\cli\github-remote.test.ts" tests="14" assertions="24" failures="0" skipped="0" time="0" hostname="">
    <testcase name="parses https URL with .git suffix" classname="" time="0" file="test\cli\github-remote.test.ts" line="4" assertions="1" />
    <testcase name="parses https URL without .git suffix" classname="" time="0" file="test\cli\github-remote.test.ts" line="8" assertions="1" />
    <testcase name="parses git@ URL with .git suffix" classname="" time="0" file="test\cli\github-remote.test.ts" line="12" assertions="1" />
    <testcase name="parses git@ URL without .git suffix" classname="" time="0" file="test\cli\github-remote.test.ts" line="16" assertions="1" />
    <testcase name="parses ssh:// URL with .git suffix" classname="" time="0" file="test\cli\github-remote.test.ts" line="20" assertions="1" />
    <testcase name="parses ssh:// URL without .git suffix" classname="" time="0" file="test\cli\github-remote.test.ts" line="24" assertions="1" />
    <testcase name="parses http URL" classname="" time="0" file="test\cli\github-remote.test.ts" line="28" assertions="1" />
    <testcase name="parses URL with hyphenated owner and repo names" classname="" time="0" file="test\cli\github-remote.test.ts" line="32" assertions="1" />
    <testcase name="parses URL with underscores in names" classname="" time="0" file="test\cli\github-remote.test.ts" line="36" assertions="1" />
    <testcase name="parses URL with numbers in names" classname="" time="0" file="test\cli\github-remote.test.ts" line="40" assertions="1" />
    <testcase name="parses repos with dots in the name" classname="" time="0" file="test\cli\github-remote.test.ts" line="44" assertions="4" />
    <testcase name="returns null for non-github URLs" classname="" time="0" file="test\cli\github-remote.test.ts" line="63" assertions="3" />
    <testcase name="returns null for invalid URLs" classname="" time="0" file="test\cli\github-remote.test.ts" line="69" assertions="5" />
    <testcase name="returns null for URLs with extra path segments" classname="" time="0" file="test\cli\github-remote.test.ts" line="77" assertions="2" />
  </testsuite>
  <testsuite name="test\cli\import.test.ts" file="test\cli\import.test.ts" tests="4" assertions="13" failures="0" skipped="0" time="0.016" hostname="">
    <testcase name="parses valid share URLs" classname="" time="0" file="test\cli\import.test.ts" line="5" assertions="3" />
    <testcase name="rejects invalid URLs" classname="" time="0.016" file="test\cli\import.test.ts" line="11" assertions="4" />
    <testcase name="transforms share data to storage format" classname="" time="0" file="test\cli\import.test.ts" line="19" assertions="3" />
    <testcase name="returns null for invalid share data" classname="" time="0" file="test\cli\import.test.ts" line="34" assertions="3" />
  </testsuite>
  <testsuite name="test\config\agent-color.test.ts" file="test\config\agent-color.test.ts" tests="4" assertions="10" failures="0" skipped="0" time="0.047" hostname="">
    <testcase name="agent color parsed from project config" classname="" time="0.031" file="test\config\agent-color.test.ts" line="9" assertions="2" />
    <testcase name="Agent.get includes color from config" classname="" time="0.016" file="test\config\agent-color.test.ts" line="34" assertions="2" />
    <testcase name="Color.hexToAnsiBold converts valid hex to ANSI" classname="" time="0" file="test\config\agent-color.test.ts" line="60" assertions="1" />
    <testcase name="Color.hexToAnsiBold returns undefined for invalid hex" classname="" time="0" file="test\config\agent-color.test.ts" line="65" assertions="5" />
  </testsuite>
  <testsuite name="test\config\config.test.ts" file="test\config\config.test.ts" tests="58" assertions="106" failures="0" skipped="0" time="21.687" hostname="">
    <testcase name="loads config with defaults when no files exist" classname="" time="0.531" file="test\config\config.test.ts" line="43" assertions="1" />
    <testcase name="loads JSON config file" classname="" time="0.485" file="test\config\config.test.ts" line="55" assertions="2" />
    <testcase name="loads JSONC config file" classname="" time="0.515" file="test\config\config.test.ts" line="77" assertions="2" />
    <testcase name="merges multiple config files with correct precedence" classname="" time="0.469" file="test\config\config.test.ts" line="102" assertions="2" />
    <testcase name="handles environment variable substitution" classname="" time="0.656" file="test\config\config.test.ts" line="131" assertions="1" />
    <testcase name="preserves env variables when adding $schema to config" classname="" time="0.469" file="test\config\config.test.ts" line="161" assertions="4" />
    <testcase name="handles file inclusion substitution" classname="" time="0.453" file="test\config\config.test.ts" line="200" assertions="1" />
    <testcase name="handles file inclusion with replacement tokens" classname="" time="0.016" file="test\config\config.test.ts" line="220" assertions="1" />
    <testcase name="validates config schema and throws on invalid fields" classname="" time="0.593" file="test\config\config.test.ts" line="239" assertions="1" />
    <testcase name="throws error for invalid JSON" classname="" time="0.469" file="test\config\config.test.ts" line="258" assertions="1" />
    <testcase name="handles agent configuration" classname="" time="0.469" file="test\config\config.test.ts" line="273" assertions="1" />
    <testcase name="treats agent variant as model-scoped setting (not provider option)" classname="" time="0.453" file="test\config\config.test.ts" line="304" assertions="3" />
    <testcase name="handles command configuration" classname="" time="0.469" file="test\config\config.test.ts" line="336" assertions="1" />
    <testcase name="migrates autoshare to share field" classname="" time="0.469" file="test\config\config.test.ts" line="365" assertions="2" />
    <testcase name="migrates mode field to agent field" classname="" time="0.421" file="test\config\config.test.ts" line="388" assertions="1" />
    <testcase name="loads config from .opencode directory" classname="" time="0.484" file="test\config\config.test.ts" line="421" assertions="1" />
    <testcase name="loads agents from .opencode/agents (plural)" classname="" time="0.407" file="test\config\config.test.ts" line="454" assertions="2" />
    <testcase name="loads commands from .opencode/command (singular)" classname="" time="1.203" file="test\config\config.test.ts" line="506" assertions="2" />
    <testcase name="loads commands from .opencode/commands (plural)" classname="" time="0.437" file="test\config\config.test.ts" line="552" assertions="2" />
    <testcase name="updates config and writes to file" classname="" time="0.594" file="test\config\config.test.ts" line="598" assertions="1" />
    <testcase name="gets config directories" classname="" time="0.406" file="test\config\config.test.ts" line="613" assertions="1" />
    <testcase name="does not try to install dependencies in read-only OPENCODE_CONFIG_DIR" classname="" time="0" file="test\config\config.test.ts" line="625" assertions="0" />
    <testcase name="installs dependencies in writable OPENCODE_CONFIG_DIR" classname="" time="0.032" file="test\config\config.test.ts" line="659" assertions="2" />
    <testcase name="resolves scoped npm plugins in config" classname="" time="0.703" file="test\config\config.test.ts" line="689" assertions="3" />
    <testcase name="merges plugin arrays from global and local configs" classname="" time="0.953" file="test\config\config.test.ts" line="746" assertions="4" />
    <testcase name="does not error when only custom agent is a subagent" classname="" time="0.484" file="test\config\config.test.ts" line="795" assertions="1" />
    <testcase name="merges instructions arrays from global and local configs" classname="" time="0.453" file="test\config\config.test.ts" line="828" assertions="4" />
    <testcase name="deduplicates duplicate instructions from global and local configs" classname="" time="0.5" file="test\config\config.test.ts" line="868" assertions="5" />
    <testcase name="deduplicates duplicate plugins from global and local configs" classname="" time="0.532" file="test\config\config.test.ts" line="911" assertions="5" />
    <testcase name="migrates legacy tools config to permissions - allow" classname="" time="0.593" file="test\config\config.test.ts" line="967" assertions="1" />
    <testcase name="migrates legacy tools config to permissions - deny" classname="" time="0.407" file="test\config\config.test.ts" line="999" assertions="1" />
    <testcase name="migrates legacy write tool to edit permission" classname="" time="0.859" file="test\config\config.test.ts" line="1031" assertions="1" />
    <testcase name="managed settings override user settings" classname="" time="0.391" file="test\config\config.test.ts" line="1064" assertions="3" />
    <testcase name="managed settings override project settings" classname="" time="0.437" file="test\config\config.test.ts" line="1094" assertions="3" />
    <testcase name="missing managed settings file is not an error" classname="" time="0.5" file="test\config\config.test.ts" line="1124" assertions="1" />
    <testcase name="migrates legacy edit tool to edit permission" classname="" time="0.391" file="test\config\config.test.ts" line="1144" assertions="1" />
    <testcase name="migrates legacy patch tool to edit permission" classname="" time="0.437" file="test\config\config.test.ts" line="1174" assertions="1" />
    <testcase name="migrates legacy multiedit tool to edit permission" classname="" time="0.469" file="test\config\config.test.ts" line="1204" assertions="1" />
    <testcase name="migrates mixed legacy tools config" classname="" time="0.391" file="test\config\config.test.ts" line="1233" assertions="1" />
    <testcase name="merges legacy tools with existing permission config" classname="" time="0.406" file="test\config\config.test.ts" line="1268" assertions="1" />
    <testcase name="permission config preserves key order" classname="" time="0.5" file="test\config\config.test.ts" line="1301" assertions="1" />
    <testcase name="project config can override MCP server enabled status" classname="" time="0.469" file="test\config\config.test.ts" line="1348" assertions="2" />
    <testcase name="MCP config deep merges preserving base config properties" classname="" time="0.421" file="test\config\config.test.ts" line="1406" assertions="1" />
    <testcase name="local .opencode config can override MCP from project config" classname="" time="0.5" file="test\config\config.test.ts" line="1458" assertions="1" />
    <testcase name="project config overrides remote well-known config" classname="" time="0.391" file="test\config\config.test.ts" line="1502" assertions="2" />
    <testsuite name="getPluginName" file="test\config\config.test.ts" line="1577" tests="4" assertions="10" failures="0" skipped="0" time="0.031" hostname="">
      <testcase name="extracts name from file:// URL" classname="getPluginName" time="0" file="test\config\config.test.ts" line="1578" assertions="3" />
      <testcase name="extracts name from npm package with version" classname="getPluginName" time="0.016" file="test\config\config.test.ts" line="1584" assertions="3" />
      <testcase name="extracts name from scoped npm package" classname="getPluginName" time="0" file="test\config\config.test.ts" line="1590" assertions="2" />
      <testcase name="returns full string for package without version" classname="getPluginName" time="0.015" file="test\config\config.test.ts" line="1595" assertions="2" />
    </testsuite>
    <testsuite name="deduplicatePlugins" file="test\config\config.test.ts" line="1601" tests="4" assertions="10" failures="0" skipped="0" time="0.422" hostname="">
      <testcase name="removes duplicates keeping higher priority (later entries)" classname="deduplicatePlugins" time="0.016" file="test\config\config.test.ts" line="1602" assertions="5" />
      <testcase name="prefers local file over npm package with same name" classname="deduplicatePlugins" time="0" file="test\config\config.test.ts" line="1614" assertions="2" />
      <testcase name="preserves order of remaining plugins" classname="deduplicatePlugins" time="0.016" file="test\config\config.test.ts" line="1623" assertions="1" />
      <testcase name="local plugin directory overrides global opencode.json plugin" classname="deduplicatePlugins" time="0.39" file="test\config\config.test.ts" line="1631" assertions="2" />
    </testsuite>
    <testsuite name="OPENCODE_DISABLE_PROJECT_CONFIG" file="test\config\config.test.ts" line="1665" tests="5" assertions="7" failures="0" skipped="0" time="1.672" hostname="">
      <testcase name="skips project config files when flag is set" classname="OPENCODE_DISABLE_PROJECT_CONFIG" time="0.469" file="test\config\config.test.ts" line="1666" assertions="2" />
      <testcase name="skips project .opencode/ directories when flag is set" classname="OPENCODE_DISABLE_PROJECT_CONFIG" time="0.39" file="test\config\config.test.ts" line="1702" assertions="1" />
      <testcase name="still loads global config when flag is set" classname="OPENCODE_DISABLE_PROJECT_CONFIG" time="0.391" file="test\config\config.test.ts" line="1733" assertions="2" />
      <testcase name="skips relative instructions with warning when flag is set but no config dir" classname="OPENCODE_DISABLE_PROJECT_CONFIG" time="0.406" file="test\config\config.test.ts" line="1757" assertions="1" />
      <testcase name="OPENCODE_CONFIG_DIR still works when flag is set" classname="OPENCODE_DISABLE_PROJECT_CONFIG" time="0.016" file="test\config\config.test.ts" line="1807" assertions="1" />
    </testsuite>
  </testsuite>
  <testsuite name="test\config\markdown.test.ts" file="test\config\markdown.test.ts" tests="40" assertions="60" failures="0" skipped="0" time="0" hostname="">
    <testsuite name="ConfigMarkdown: normal template" file="test\config\markdown.test.ts" line="20" tests="16" assertions="18" failures="0" skipped="0" time="0.015" hostname="">
      <testcase name="should extract exactly 12 file references" classname="ConfigMarkdown: normal template" time="0" file="test\config\markdown.test.ts" line="44" assertions="1" />
      <testcase name="should extract valid/path/to/a/file" classname="ConfigMarkdown: normal template" time="0" file="test\config\markdown.test.ts" line="48" assertions="1" />
      <testcase name="should extract shell commands" classname="ConfigMarkdown: normal template" time="0" file="test\config\markdown.test.ts" line="52" assertions="3" />
      <testcase name="should extract another-valid/path/to/a/file" classname="ConfigMarkdown: normal template" time="0" file="test\config\markdown.test.ts" line="60" assertions="1" />
      <testcase name="should extract paths ignoring comma after" classname="ConfigMarkdown: normal template" time="0" file="test\config\markdown.test.ts" line="64" assertions="1" />
      <testcase name="should extract a path with a file extension and comma after" classname="ConfigMarkdown: normal template" time="0" file="test\config\markdown.test.ts" line="68" assertions="1" />
      <testcase name="should extract a path with multiple dots and comma after" classname="ConfigMarkdown: normal template" time="0.015" file="test\config\markdown.test.ts" line="72" assertions="1" />
      <testcase name="should extract hidden directory" classname="ConfigMarkdown: normal template" time="0" file="test\config\markdown.test.ts" line="76" assertions="1" />
      <testcase name="should extract hidden file" classname="ConfigMarkdown: normal template" time="0" file="test\config\markdown.test.ts" line="80" assertions="1" />
      <testcase name="should extract a file ignoring period at end of sentence" classname="ConfigMarkdown: normal template" time="0" file="test\config\markdown.test.ts" line="84" assertions="1" />
      <testcase name="should extract an absolute path with an extension" classname="ConfigMarkdown: normal template" time="0" file="test\config\markdown.test.ts" line="88" assertions="1" />
      <testcase name="should extract an absolute path without an extension" classname="ConfigMarkdown: normal template" time="0" file="test\config\markdown.test.ts" line="92" assertions="1" />
      <testcase name="should extract an absolute path in home directory" classname="ConfigMarkdown: normal template" time="0" file="test\config\markdown.test.ts" line="96" assertions="1" />
      <testcase name="should extract an absolute path under home directory" classname="ConfigMarkdown: normal template" time="0" file="test\config\markdown.test.ts" line="100" assertions="1" />
      <testcase name="should not match when preceded by backtick" classname="ConfigMarkdown: normal template" time="0" file="test\config\markdown.test.ts" line="104" assertions="1" />
      <testcase name="should not match email addresses" classname="ConfigMarkdown: normal template" time="0" file="test\config\markdown.test.ts" line="110" assertions="1" />
    </testsuite>
    <testsuite name="ConfigMarkdown: frontmatter parsing" file="test\config\markdown.test.ts" line="117" tests="18" assertions="23" failures="0" skipped="0" time="0.016" hostname="">
      <testcase name="should parse without throwing" classname="ConfigMarkdown: frontmatter parsing" time="0" file="test\config\markdown.test.ts" line="120" assertions="3" />
      <testcase name="should extract description field" classname="ConfigMarkdown: frontmatter parsing" time="0" file="test\config\markdown.test.ts" line="126" assertions="1" />
      <testcase name="should extract occupation field with colon in value" classname="ConfigMarkdown: frontmatter parsing" time="0" file="test\config\markdown.test.ts" line="130" assertions="1" />
      <testcase name="should extract title field with single quotes" classname="ConfigMarkdown: frontmatter parsing" time="0" file="test\config\markdown.test.ts" line="134" assertions="1" />
      <testcase name="should extract name field with embedded quotes" classname="ConfigMarkdown: frontmatter parsing" time="0" file="test\config\markdown.test.ts" line="138" assertions="1" />
      <testcase name="should extract family field with embedded single quotes" classname="ConfigMarkdown: frontmatter parsing" time="0" file="test\config\markdown.test.ts" line="142" assertions="1" />
      <testcase name="should extract multiline summary field" classname="ConfigMarkdown: frontmatter parsing" time="0" file="test\config\markdown.test.ts" line="146" assertions="1" />
      <testcase name="should not include commented fields in data" classname="ConfigMarkdown: frontmatter parsing" time="0" file="test\config\markdown.test.ts" line="150" assertions="1" />
      <testcase name="should extract URL with port" classname="ConfigMarkdown: frontmatter parsing" time="0" file="test\config\markdown.test.ts" line="154" assertions="1" />
      <testcase name="should extract time with colons" classname="ConfigMarkdown: frontmatter parsing" time="0" file="test\config\markdown.test.ts" line="158" assertions="1" />
      <testcase name="should extract value with multiple colons" classname="ConfigMarkdown: frontmatter parsing" time="0" file="test\config\markdown.test.ts" line="162" assertions="1" />
      <testcase name="should preserve already double-quoted values with colons" classname="ConfigMarkdown: frontmatter parsing" time="0" file="test\config\markdown.test.ts" line="166" assertions="1" />
      <testcase name="should preserve already single-quoted values with colons" classname="ConfigMarkdown: frontmatter parsing" time="0" file="test\config\markdown.test.ts" line="170" assertions="1" />
      <testcase name="should extract value with quotes and colons mixed" classname="ConfigMarkdown: frontmatter parsing" time="0" file="test\config\markdown.test.ts" line="174" assertions="1" />
      <testcase name="should handle empty values" classname="ConfigMarkdown: frontmatter parsing" time="0" file="test\config\markdown.test.ts" line="178" assertions="1" />
      <testcase name="should handle dollar sign replacement patterns literally" classname="ConfigMarkdown: frontmatter parsing" time="0" file="test\config\markdown.test.ts" line="182" assertions="1" />
      <testcase name="should not parse fake yaml from content" classname="ConfigMarkdown: frontmatter parsing" time="0" file="test\config\markdown.test.ts" line="186" assertions="2" />
      <testcase name="should extract content after frontmatter without modification" classname="ConfigMarkdown: frontmatter parsing" time="0.016" file="test\config\markdown.test.ts" line="191" assertions="3" />
    </testsuite>
    <testsuite name="ConfigMarkdown: frontmatter parsing w/ empty frontmatter" file="test\config\markdown.test.ts" line="198" tests="1" assertions="3" failures="0" skipped="0" time="0" hostname="">
      <testcase name="should parse without throwing" classname="ConfigMarkdown: frontmatter parsing w/ empty frontmatter" time="0" file="test\config\markdown.test.ts" line="201" assertions="3" />
    </testsuite>
    <testsuite name="ConfigMarkdown: frontmatter parsing w/ no frontmatter" file="test\config\markdown.test.ts" line="208" tests="1" assertions="3" failures="0" skipped="0" time="0" hostname="">
      <testcase name="should parse without throwing" classname="ConfigMarkdown: frontmatter parsing w/ no frontmatter" time="0" file="test\config\markdown.test.ts" line="211" assertions="3" />
    </testsuite>
    <testsuite name="ConfigMarkdown: frontmatter parsing w/ Markdown header" file="test\config\markdown.test.ts" line="218" tests="1" assertions="3" failures="0" skipped="0" time="0" hostname="">
      <testcase name="should parse and match" classname="ConfigMarkdown: frontmatter parsing w/ Markdown header" time="0" file="test\config\markdown.test.ts" line="221" assertions="3" />
    </testsuite>
    <testsuite name="ConfigMarkdown: frontmatter has weird model id" file="test\config\markdown.test.ts" line="238" tests="1" assertions="8" failures="0" skipped="0" time="0" hostname="">
      <testcase name="should parse and match" classname="ConfigMarkdown: frontmatter has weird model id" time="0" file="test\config\markdown.test.ts" line="241" assertions="8" />
    </testsuite>
    <testsuite name="ConfigMarkdown: edge cases" file="test\config\markdown.test.ts" line="254" tests="2" assertions="2" failures="0" skipped="0" time="0" hostname="">
      <testcase name="fallbackSanitization should handle non-kv lines" classname="ConfigMarkdown: edge cases" time="0" file="test\config\markdown.test.ts" line="255" assertions="1" />
      <testcase name="parse should throw FrontmatterError on double failure" classname="ConfigMarkdown: edge cases" time="0" file="test\config\markdown.test.ts" line="261" assertions="1" />
    </testsuite>
  </testsuite>
  <testsuite name="test\file\ignore.test.ts" file="test\file\ignore.test.ts" tests="1" assertions="5" failures="0" skipped="0" time="0.015" hostname="">
    <testcase name="match nested and non-nested" classname="" time="0.015" file="test\file\ignore.test.ts" line="4" assertions="5" />
  </testsuite>
  <testsuite name="test\file\path-traversal.test.ts" file="test\file\path-traversal.test.ts" tests="15" assertions="30" failures="0" skipped="0" time="0" hostname="">
    <testsuite name="Filesystem.contains" file="test\file\path-traversal.test.ts" line="9" tests="4" assertions="11" failures="0" skipped="0" time="0.031" hostname="">
      <testcase name="allows paths within project" classname="Filesystem.contains" time="0" file="test\file\path-traversal.test.ts" line="10" assertions="3" />
      <testcase name="blocks ../ traversal" classname="Filesystem.contains" time="0.015" file="test\file\path-traversal.test.ts" line="16" assertions="3" />
      <testcase name="blocks absolute paths outside project" classname="Filesystem.contains" time="0" file="test\file\path-traversal.test.ts" line="22" assertions="3" />
      <testcase name="handles prefix collision edge cases" classname="Filesystem.contains" time="0.016" file="test\file\path-traversal.test.ts" line="28" assertions="2" />
    </testsuite>
    <testsuite name="File.read path traversal protection" file="test\file\path-traversal.test.ts" line="43" tests="3" assertions="3" failures="0" skipped="0" time="0.062" hostname="">
      <testcase name="rejects ../ traversal attempting to read /etc/passwd" classname="File.read path traversal protection" time="0.047" file="test\file\path-traversal.test.ts" line="44" assertions="1" />
      <testcase name="rejects deeply nested traversal" classname="File.read path traversal protection" time="0.015" file="test\file\path-traversal.test.ts" line="59" assertions="1" />
      <testcase name="allows valid paths within project" classname="File.read path traversal protection" time="0" file="test\file\path-traversal.test.ts" line="72" assertions="1" />
    </testsuite>
    <testsuite name="File.list path traversal protection" file="test\file\path-traversal.test.ts" line="89" tests="2" assertions="2" failures="0" skipped="0" time="0.047" hostname="">
      <testcase name="rejects ../ traversal attempting to list /etc" classname="File.list path traversal protection" time="0.016" file="test\file\path-traversal.test.ts" line="90" assertions="1" />
      <testcase name="allows valid subdirectory listing" classname="File.list path traversal protection" time="0.031" file="test\file\path-traversal.test.ts" line="101" assertions="1" />
    </testsuite>
    <testsuite name="Instance.containsPath" file="test\file\path-traversal.test.ts" line="118" tests="6" assertions="14" failures="0" skipped="0" time="2.719" hostname="">
      <testcase name="returns true for path inside directory" classname="Instance.containsPath" time="0.453" file="test\file\path-traversal.test.ts" line="119" assertions="2" />
      <testcase name="returns true for path inside worktree but outside directory (monorepo subdirectory scenario)" classname="Instance.containsPath" time="0.594" file="test\file\path-traversal.test.ts" line="131" assertions="3" />
      <testcase name="returns false for path outside both directory and worktree" classname="Instance.containsPath" time="0.75" file="test\file\path-traversal.test.ts" line="149" assertions="2" />
      <testcase name="returns false for path with .. escaping worktree" classname="Instance.containsPath" time="0.438" file="test\file\path-traversal.test.ts" line="161" assertions="1" />
      <testcase name="handles directory === worktree (running from repo root)" classname="Instance.containsPath" time="0.484" file="test\file\path-traversal.test.ts" line="172" assertions="3" />
      <testcase name="non-git project does not allow arbitrary paths via worktree=&apos;/&apos;" classname="Instance.containsPath" time="0" file="test\file\path-traversal.test.ts" line="185" assertions="3" />
    </testsuite>
  </testsuite>
  <testsuite name="test\file\ripgrep.test.ts" file="test\file\ripgrep.test.ts" tests="10" assertions="12" failures="0" skipped="0" time="0" hostname="">
    <testsuite name="file.ripgrep" file="test\file\ripgrep.test.ts" line="7" tests="10" assertions="12" failures="0" skipped="0" time="0.563" hostname="">
      <testcase name="tree returns empty for empty directory" classname="file.ripgrep" time="0.063" file="test\file\ripgrep.test.ts" line="8" assertions="1" />
      <testcase name="tree returns single file" classname="file.ripgrep" time="0.062" file="test\file\ripgrep.test.ts" line="14" assertions="1" />
      <testcase name="tree returns flat file list sorted alphabetically" classname="file.ripgrep" time="0.063" file="test\file\ripgrep.test.ts" line="24" assertions="1" />
      <testcase name="tree shows directories before files" classname="file.ripgrep" time="0.046" file="test\file\ripgrep.test.ts" line="38" assertions="1" />
      <testcase name="tree with nested directories" classname="file.ripgrep" time="0.047" file="test\file\ripgrep.test.ts" line="52" assertions="1" />
      <testcase name="tree respects limit and shows truncation" classname="file.ripgrep" time="0.047" file="test\file\ripgrep.test.ts" line="71" assertions="1" />
      <testcase name="tree excludes .opencode directory" classname="file.ripgrep" time="0.078" file="test\file\ripgrep.test.ts" line="91" assertions="1" />
      <testcase name="tree handles multiple directories at same level" classname="file.ripgrep" time="0.063" file="test\file\ripgrep.test.ts" line="103" assertions="1" />
      <testcase name="defaults to include hidden" classname="file.ripgrep" time="0.047" file="test\file\ripgrep.test.ts" line="123" assertions="2" />
      <testcase name="hidden false excludes hidden" classname="file.ripgrep" time="0.047" file="test\file\ripgrep.test.ts" line="139" assertions="2" />
    </testsuite>
  </testsuite>
  <testsuite name="test\ide\ide.test.ts" file="test\ide\ide.test.ts" tests="10" assertions="10" failures="0" skipped="0" time="0" hostname="">
    <testsuite name="ide" file="test\ide\ide.test.ts" line="4" tests="10" assertions="10" failures="0" skipped="0" time="0.015" hostname="">
      <testcase name="should detect Visual Studio Code" classname="ide" time="0" file="test\ide\ide.test.ts" line="14" assertions="1" />
      <testcase name="should detect Visual Studio Code Insiders" classname="ide" time="0" file="test\ide\ide.test.ts" line="21" assertions="1" />
      <testcase name="should detect Cursor" classname="ide" time="0" file="test\ide\ide.test.ts" line="29" assertions="1" />
      <testcase name="should detect VSCodium" classname="ide" time="0.015" file="test\ide\ide.test.ts" line="36" assertions="1" />
      <testcase name="should detect Windsurf" classname="ide" time="0" file="test\ide\ide.test.ts" line="43" assertions="1" />
      <testcase name="should return unknown when TERM_PROGRAM is not vscode" classname="ide" time="0" file="test\ide\ide.test.ts" line="50" assertions="1" />
      <testcase name="should return unknown when GIT_ASKPASS does not contain IDE name" classname="ide" time="0" file="test\ide\ide.test.ts" line="58" assertions="1" />
      <testcase name="should recognize vscode-insiders OPENCODE_CALLER" classname="ide" time="0" file="test\ide\ide.test.ts" line="65" assertions="1" />
      <testcase name="should recognize vscode OPENCODE_CALLER" classname="ide" time="0" file="test\ide\ide.test.ts" line="71" assertions="1" />
      <testcase name="should return false for unknown OPENCODE_CALLER" classname="ide" time="0" file="test\ide\ide.test.ts" line="77" assertions="1" />
    </testsuite>
  </testsuite>
  <testsuite name="test\lsp\client.test.ts" file="test\lsp\client.test.ts" tests="3" assertions="3" failures="0" skipped="0" time="0" hostname="">
    <testsuite name="LSPClient interop" file="test\lsp\client.test.ts" line="19" tests="3" assertions="3" failures="0" skipped="0" time="2.313" hostname="">
      <testcase name="handles workspace/workspaceFolders request" classname="LSPClient interop" time="0.969" file="test\lsp\client.test.ts" line="24" assertions="1" />
      <testcase name="handles client/registerCapability request" classname="LSPClient interop" time="0.609" file="test\lsp\client.test.ts" line="48" assertions="1" />
      <testcase name="handles client/unregisterCapability request" classname="LSPClient interop" time="0.735" file="test\lsp\client.test.ts" line="72" assertions="1" />
    </testsuite>
  </testsuite>
  <testsuite name="test\mcp\headers.test.ts" file="test\mcp\headers.test.ts" tests="3" assertions="23" failures="0" skipped="0" time="0" hostname="">
    <testsuite name="MCP Headers" file="test\mcp\headers.test.ts" line="48" tests="3" assertions="23" failures="0" skipped="0" time="0.047" hostname="">
      <testcase name="headers are passed to transports when oauth is enabled (default)" classname="MCP Headers" time="0.031" file="test\mcp\headers.test.ts" line="72" assertions="13" />
      <testcase name="headers are passed to transports when oauth is explicitly disabled" classname="MCP Headers" time="0.016" file="test\mcp\headers.test.ts" line="123" assertions="7" />
      <testcase name="no requestInit when headers are not provided" classname="MCP Headers" time="0" file="test\mcp\headers.test.ts" line="154" assertions="3" />
    </testsuite>
  </testsuite>
  <testsuite name="test\mcp\oauth-browser.test.ts" file="test\mcp\oauth-browser.test.ts" tests="3" assertions="8" failures="0" skipped="0" time="0" hostname="">
    <testsuite name="MCP OAuth Browser" file="test\mcp\oauth-browser.test.ts" line="109" tests="3" assertions="8" failures="0" skipped="0" time="6" hostname="">
      <testcase name="BrowserOpenFailed event is published when open() throws" classname="MCP OAuth Browser" time="2" file="test\mcp\oauth-browser.test.ts" line="134" assertions="3" />
      <testcase name="BrowserOpenFailed event is NOT published when open() succeeds" classname="MCP OAuth Browser" time="2" file="test\mcp\oauth-browser.test.ts" line="185" assertions="2" />
      <testcase name="open() is called with the authorization URL" classname="MCP OAuth Browser" time="2" file="test\mcp\oauth-browser.test.ts" line="234" assertions="3" />
    </testsuite>
  </testsuite>
  <testsuite name="test\memory\abort-leak.test.ts" file="test\memory\abort-leak.test.ts" tests="2" assertions="2" failures="0" skipped="0" time="0" hostname="">
    <testsuite name="memory: abort controller leak" file="test\memory\abort-leak.test.ts" line="27" tests="2" assertions="2" failures="0" skipped="0" time="2.75" hostname="">
      <testcase name="webfetch does not leak memory over many invocations" classname="memory: abort controller leak" time="2.094" file="test\memory\abort-leak.test.ts" line="28" assertions="1" />
      <testcase name="compare closure vs bind pattern directly" classname="memory: abort controller leak" time="0.656" file="test\memory\abort-leak.test.ts" line="60" assertions="1" />
    </testsuite>
  </testsuite>
  <testsuite name="test\patch\patch.test.ts" file="test\patch\patch.test.ts" tests="20" assertions="48" failures="0" skipped="0" time="0" hostname="">
    <testsuite name="Patch namespace" file="test\patch\patch.test.ts" line="7" tests="20" assertions="48" failures="0" skipped="0" time="0" hostname="">
      <testsuite name="parsePatch" file="test\patch\patch.test.ts" line="19" tests="5" assertions="13" failures="0" skipped="0" time="0" hostname="">
        <testcase name="should parse simple add file patch" classname="parsePatch &amp;gt; Patch namespace" time="0" file="test\patch\patch.test.ts" line="20" assertions="2" />
        <testcase name="should parse delete file patch" classname="parsePatch &amp;gt; Patch namespace" time="0" file="test\patch\patch.test.ts" line="35" assertions="3" />
        <testcase name="should parse patch with multiple hunks" classname="parsePatch &amp;gt; Patch namespace" time="0" file="test\patch\patch.test.ts" line="47" assertions="3" />
        <testcase name="should parse file move operation" classname="parsePatch &amp;gt; Patch namespace" time="0" file="test\patch\patch.test.ts" line="64" assertions="4" />
        <testcase name="should throw error for invalid patch format" classname="parsePatch &amp;gt; Patch namespace" time="0" file="test\patch\patch.test.ts" line="83" assertions="1" />
      </testsuite>
      <testsuite name="maybeParseApplyPatch" file="test\patch\patch.test.ts" line="90" tests="4" assertions="7" failures="0" skipped="0" time="0.015" hostname="">
        <testcase name="should parse direct apply_patch command" classname="maybeParseApplyPatch &amp;gt; Patch namespace" time="0" file="test\patch\patch.test.ts" line="91" assertions="3" />
        <testcase name="should parse applypatch command" classname="maybeParseApplyPatch &amp;gt; Patch namespace" time="0.015" file="test\patch\patch.test.ts" line="105" assertions="1" />
        <testcase name="should handle bash heredoc format" classname="maybeParseApplyPatch &amp;gt; Patch namespace" time="0" file="test\patch\patch.test.ts" line="115" assertions="2" />
        <testcase name="should return NotApplyPatch for non-patch commands" classname="maybeParseApplyPatch &amp;gt; Patch namespace" time="0" file="test\patch\patch.test.ts" line="130" assertions="1" />
      </testsuite>
      <testsuite name="applyPatch" file="test\patch\patch.test.ts" line="136" tests="6" assertions="20" failures="0" skipped="0" time="0.016" hostname="">
        <testcase name="should add a new file" classname="applyPatch &amp;gt; Patch namespace" time="0" file="test\patch\patch.test.ts" line="137" assertions="4" />
        <testcase name="should delete an existing file" classname="applyPatch &amp;gt; Patch namespace" time="0" file="test\patch\patch.test.ts" line="153" assertions="3" />
        <testcase name="should update an existing file" classname="applyPatch &amp;gt; Patch namespace" time="0.016" file="test\patch\patch.test.ts" line="172" assertions="3" />
        <testcase name="should move and update a file" classname="applyPatch &amp;gt; Patch namespace" time="0" file="test\patch\patch.test.ts" line="193" assertions="4" />
        <testcase name="should handle multiple operations in one patch" classname="applyPatch &amp;gt; Patch namespace" time="0" file="test\patch\patch.test.ts" line="220" assertions="3" />
        <testcase name="should create parent directories when adding files" classname="applyPatch &amp;gt; Patch namespace" time="0" file="test\patch\patch.test.ts" line="244" assertions="3" />
      </testsuite>
      <testsuite name="error handling" file="test\patch\patch.test.ts" line="264" tests="2" assertions="2" failures="0" skipped="0" time="0" hostname="">
        <testcase name="should throw error when updating non-existent file" classname="error handling &amp;gt; Patch namespace" time="0" file="test\patch\patch.test.ts" line="265" assertions="1" />
        <testcase name="should throw error when deleting non-existent file" classname="error handling &amp;gt; Patch namespace" time="0" file="test\patch\patch.test.ts" line="278" assertions="1" />
      </testsuite>
      <testsuite name="edge cases" file="test\patch\patch.test.ts" line="289" tests="3" assertions="6" failures="0" skipped="0" time="0.015" hostname="">
        <testcase name="should handle empty files" classname="edge cases &amp;gt; Patch namespace" time="0" file="test\patch\patch.test.ts" line="290" assertions="2" />
        <testcase name="should handle files with no trailing newline" classname="edge cases &amp;gt; Patch namespace" time="0" file="test\patch\patch.test.ts" line="307" assertions="2" />
        <testcase name="should handle multiple update chunks in single file" classname="edge cases &amp;gt; Patch namespace" time="0.015" file="test\patch\patch.test.ts" line="325" assertions="2" />
      </testsuite>
    </testsuite>
  </testsuite>
  <testsuite name="test\permission\arity.test.ts" file="test\permission\arity.test.ts" tests="6" assertions="13" failures="0" skipped="0" time="0" hostname="">
    <testcase name="arity 1 - unknown commands default to first token" classname="" time="0" file="test\permission\arity.test.ts" line="4" assertions="2" />
    <testcase name="arity 2 - two token commands" classname="" time="0" file="test\permission\arity.test.ts" line="9" assertions="2" />
    <testcase name="arity 3 - three token commands" classname="" time="0" file="test\permission\arity.test.ts" line="14" assertions="2" />
    <testcase name="longest match wins - nested prefixes" classname="" time="0" file="test\permission\arity.test.ts" line="19" assertions="2" />
    <testcase name="exact length matches" classname="" time="0" file="test\permission\arity.test.ts" line="24" assertions="2" />
    <testcase name="edge cases" classname="" time="0" file="test\permission\arity.test.ts" line="29" assertions="3" />
  </testsuite>
  <testsuite name="test\permission\next.test.ts" file="test\permission\next.test.ts" tests="62" assertions="77" failures="0" skipped="0" time="4.515" hostname="">
    <testcase name="fromConfig - string value becomes wildcard rule" classname="" time="0" file="test\permission\next.test.ts" line="10" assertions="1" />
    <testcase name="fromConfig - object value converts to rules array" classname="" time="0" file="test\permission\next.test.ts" line="15" assertions="1" />
    <testcase name="fromConfig - mixed string and object values" classname="" time="0" file="test\permission\next.test.ts" line="23" assertions="1" />
    <testcase name="fromConfig - empty object" classname="" time="0" file="test\permission\next.test.ts" line="37" assertions="1" />
    <testcase name="fromConfig - expands tilde to home directory" classname="" time="0" file="test\permission\next.test.ts" line="42" assertions="1" />
    <testcase name="fromConfig - expands $HOME to home directory" classname="" time="0" file="test\permission\next.test.ts" line="47" assertions="1" />
    <testcase name="fromConfig - expands $HOME without trailing slash" classname="" time="0" file="test\permission\next.test.ts" line="52" assertions="1" />
    <testcase name="fromConfig - does not expand tilde in middle of path" classname="" time="0" file="test\permission\next.test.ts" line="57" assertions="1" />
    <testcase name="fromConfig - expands exact tilde to home directory" classname="" time="0" file="test\permission\next.test.ts" line="62" assertions="1" />
    <testcase name="evaluate - matches expanded tilde pattern" classname="" time="0" file="test\permission\next.test.ts" line="67" assertions="1" />
    <testcase name="evaluate - matches expanded $HOME pattern" classname="" time="0" file="test\permission\next.test.ts" line="73" assertions="1" />
    <testcase name="merge - simple concatenation" classname="" time="0" file="test\permission\next.test.ts" line="81" assertions="1" />
    <testcase name="merge - adds new permission" classname="" time="0" file="test\permission\next.test.ts" line="92" assertions="1" />
    <testcase name="merge - concatenates rules for same permission" classname="" time="0" file="test\permission\next.test.ts" line="103" assertions="1" />
    <testcase name="merge - multiple rulesets" classname="" time="0" file="test\permission\next.test.ts" line="114" assertions="1" />
    <testcase name="merge - empty ruleset does nothing" classname="" time="0" file="test\permission\next.test.ts" line="127" assertions="1" />
    <testcase name="merge - preserves rule order" classname="" time="0" file="test\permission\next.test.ts" line="132" assertions="1" />
    <testcase name="merge - config permission overrides default ask" classname="" time="0" file="test\permission\next.test.ts" line="147" assertions="2" />
    <testcase name="merge - config ask overrides default allow" classname="" time="0" file="test\permission\next.test.ts" line="159" assertions="1" />
    <testcase name="evaluate - exact pattern match" classname="" time="0" file="test\permission\next.test.ts" line="171" assertions="1" />
    <testcase name="evaluate - wildcard pattern match" classname="" time="0" file="test\permission\next.test.ts" line="176" assertions="1" />
    <testcase name="evaluate - last matching rule wins" classname="" time="0.016" file="test\permission\next.test.ts" line="181" assertions="1" />
    <testcase name="evaluate - last matching rule wins (wildcard after specific)" classname="" time="0" file="test\permission\next.test.ts" line="189" assertions="1" />
    <testcase name="evaluate - glob pattern match" classname="" time="0" file="test\permission\next.test.ts" line="197" assertions="1" />
    <testcase name="evaluate - last matching glob wins" classname="" time="0" file="test\permission\next.test.ts" line="204" assertions="1" />
    <testcase name="evaluate - order matters for specificity" classname="" time="0" file="test\permission\next.test.ts" line="212" assertions="1" />
    <testcase name="evaluate - unknown permission returns ask" classname="" time="0" file="test\permission\next.test.ts" line="221" assertions="1" />
    <testcase name="evaluate - empty ruleset returns ask" classname="" time="0.015" file="test\permission\next.test.ts" line="228" assertions="1" />
    <testcase name="evaluate - no matching pattern returns ask" classname="" time="0" file="test\permission\next.test.ts" line="233" assertions="1" />
    <testcase name="evaluate - empty rules array returns ask" classname="" time="0" file="test\permission\next.test.ts" line="240" assertions="1" />
    <testcase name="evaluate - multiple matching patterns, last wins" classname="" time="0" file="test\permission\next.test.ts" line="245" assertions="1" />
    <testcase name="evaluate - non-matching patterns are skipped" classname="" time="0.015" file="test\permission\next.test.ts" line="254" assertions="1" />
    <testcase name="evaluate - exact match at end wins over earlier wildcard" classname="" time="0" file="test\permission\next.test.ts" line="263" assertions="1" />
    <testcase name="evaluate - wildcard at end overrides earlier exact match" classname="" time="0" file="test\permission\next.test.ts" line="271" assertions="1" />
    <testcase name="evaluate - wildcard permission matches any permission" classname="" time="0" file="test\permission\next.test.ts" line="281" assertions="1" />
    <testcase name="evaluate - wildcard permission with specific pattern" classname="" time="0.016" file="test\permission\next.test.ts" line="286" assertions="1" />
    <testcase name="evaluate - glob permission pattern" classname="" time="0" file="test\permission\next.test.ts" line="291" assertions="1" />
    <testcase name="evaluate - specific permission and wildcard permission combined" classname="" time="0" file="test\permission\next.test.ts" line="298" assertions="1" />
    <testcase name="evaluate - wildcard permission does not match when specific exists" classname="" time="0" file="test\permission\next.test.ts" line="306" assertions="1" />
    <testcase name="evaluate - multiple matching permission patterns combine rules" classname="" time="0" file="test\permission\next.test.ts" line="314" assertions="1" />
    <testcase name="evaluate - wildcard permission fallback for unknown tool" classname="" time="0" file="test\permission\next.test.ts" line="323" assertions="1" />
    <testcase name="evaluate - permission patterns sorted by length regardless of object order" classname="" time="0" file="test\permission\next.test.ts" line="331" assertions="1" />
    <testcase name="evaluate - merges multiple rulesets" classname="" time="0.016" file="test\permission\next.test.ts" line="341" assertions="1" />
    <testcase name="disabled - returns empty set when all tools allowed" classname="" time="0" file="test\permission\next.test.ts" line="351" assertions="1" />
    <testcase name="disabled - disables tool when denied" classname="" time="0" file="test\permission\next.test.ts" line="356" assertions="3" />
    <testcase name="disabled - disables edit/write/patch/multiedit when edit denied" classname="" time="0" file="test\permission\next.test.ts" line="369" assertions="5" />
    <testcase name="disabled - does not disable when partially denied" classname="" time="0" file="test\permission\next.test.ts" line="384" assertions="1" />
    <testcase name="disabled - does not disable when action is ask" classname="" time="0" file="test\permission\next.test.ts" line="395" assertions="1" />
    <testcase name="disabled - does not disable when specific allow after wildcard deny" classname="" time="0" file="test\permission\next.test.ts" line="400" assertions="1" />
    <testcase name="disabled - does not disable when wildcard allow after deny" classname="" time="0" file="test\permission\next.test.ts" line="413" assertions="1" />
    <testcase name="disabled - disables multiple tools" classname="" time="0" file="test\permission\next.test.ts" line="424" assertions="3" />
    <testcase name="disabled - wildcard permission denies all tools" classname="" time="0" file="test\permission\next.test.ts" line="438" assertions="3" />
    <testcase name="disabled - specific allow overrides wildcard deny" classname="" time="0" file="test\permission\next.test.ts" line="445" assertions="3" />
    <testcase name="ask - resolves immediately when action is allow" classname="" time="0.718" file="test\permission\next.test.ts" line="460" assertions="1" />
    <testcase name="ask - throws RejectedError when action is deny" classname="" time="0.422" file="test\permission\next.test.ts" line="478" assertions="1" />
    <testcase name="ask - returns pending promise when action is ask" classname="" time="0.532" file="test\permission\next.test.ts" line="497" assertions="1" />
    <testcase name="reply - once resolves the pending ask" classname="" time="0.437" file="test\permission\next.test.ts" line="519" assertions="1" />
    <testcase name="reply - reject throws RejectedError" classname="" time="0.391" file="test\permission\next.test.ts" line="544" assertions="1" />
    <testcase name="reply - always persists approval and resolves" classname="" time="0.609" file="test\permission\next.test.ts" line="569" assertions="2" />
    <testcase name="reply - reject cancels all pending for same session" classname="" time="0.391" file="test\permission\next.test.ts" line="610" assertions="2" />
    <testcase name="ask - checks all patterns and stops on first deny" classname="" time="0.468" file="test\permission\next.test.ts" line="652" assertions="1" />
    <testcase name="ask - allows all patterns when all match allow rules" classname="" time="0.469" file="test\permission\next.test.ts" line="674" assertions="1" />
  </testsuite>
  <testsuite name="test\plugin\auth-override.test.ts" file="test\plugin\auth-override.test.ts" tests="1" assertions="3" failures="0" skipped="0" time="0" hostname="">
    <testsuite name="plugin.auth-override" file="test\plugin\auth-override.test.ts" line="8" tests="1" assertions="3" failures="0" skipped="0" time="0.015" hostname="">
      <testcase name="user plugin overrides built-in github-copilot auth" classname="plugin.auth-override" time="0.015" file="test\plugin\auth-override.test.ts" line="9" assertions="3" />
    </testsuite>
  </testsuite>
  <testsuite name="test\plugin\codex.test.ts" file="test\plugin\codex.test.ts" tests="13" assertions="14" failures="0" skipped="0" time="0" hostname="">
    <testsuite name="plugin.codex" file="test\plugin\codex.test.ts" line="15" tests="13" assertions="14" failures="0" skipped="0" time="0" hostname="">
      <testsuite name="parseJwtClaims" file="test\plugin\codex.test.ts" line="16" tests="4" assertions="5" failures="0" skipped="0" time="0" hostname="">
        <testcase name="parses valid JWT with claims" classname="parseJwtClaims &amp;gt; plugin.codex" time="0" file="test\plugin\codex.test.ts" line="17" assertions="1" />
        <testcase name="returns undefined for JWT with less than 3 parts" classname="parseJwtClaims &amp;gt; plugin.codex" time="0" file="test\plugin\codex.test.ts" line="24" assertions="2" />
        <testcase name="returns undefined for invalid base64" classname="parseJwtClaims &amp;gt; plugin.codex" time="0" file="test\plugin\codex.test.ts" line="29" assertions="1" />
        <testcase name="returns undefined for invalid JSON payload" classname="parseJwtClaims &amp;gt; plugin.codex" time="0" file="test\plugin\codex.test.ts" line="33" assertions="1" />
      </testsuite>
      <testsuite name="extractAccountIdFromClaims" file="test\plugin\codex.test.ts" line="40" tests="5" assertions="5" failures="0" skipped="0" time="0" hostname="">
        <testcase name="extracts chatgpt_account_id from root" classname="extractAccountIdFromClaims &amp;gt; plugin.codex" time="0" file="test\plugin\codex.test.ts" line="41" assertions="1" />
        <testcase name="extracts chatgpt_account_id from nested https://api.openai.com/auth" classname="extractAccountIdFromClaims &amp;gt; plugin.codex" time="0" file="test\plugin\codex.test.ts" line="46" assertions="1" />
        <testcase name="prefers root over nested" classname="extractAccountIdFromClaims &amp;gt; plugin.codex" time="0" file="test\plugin\codex.test.ts" line="53" assertions="1" />
        <testcase name="extracts from organizations array as fallback" classname="extractAccountIdFromClaims &amp;gt; plugin.codex" time="0" file="test\plugin\codex.test.ts" line="61" assertions="1" />
        <testcase name="returns undefined when no accountId found" classname="extractAccountIdFromClaims &amp;gt; plugin.codex" time="0" file="test\plugin\codex.test.ts" line="68" assertions="1" />
      </testsuite>
      <testsuite name="extractAccountId" file="test\plugin\codex.test.ts" line="74" tests="4" assertions="4" failures="0" skipped="0" time="0.016" hostname="">
[...]
    </testsuite>
  </testsuite>
  <testsuite name="test\util\thinking-tags.test.ts" file="test\util\thinking-tags.test.ts" tests="5" assertions="5" failures="0" skipped="0" time="0" hostname="">
    <testsuite name="thinking tag cleaning" file="test\util\thinking-tags.test.ts" line="11" tests="5" assertions="5" failures="0" skipped="0" time="0.063" hostname="">
      <testcase name="removes &lt;think&gt; tags" classname="thinking tag cleaning" time="0.016" file="test\util\thinking-tags.test.ts" line="12" assertions="1" />
      <testcase name="removes &lt;thinking&gt; tags" classname="thinking tag cleaning" time="0.047" file="test\util\thinking-tags.test.ts" line="17" assertions="1" />
      <testcase name="removes multiple tags" classname="thinking tag cleaning" time="0" file="test\util\thinking-tags.test.ts" line="22" assertions="1" />
      <testcase name="handles multi-line content inside tags" classname="thinking tag cleaning" time="0" file="test\util\thinking-tags.test.ts" line="27" assertions="1" />
      <testcase name="handles tags with whitespace around them" classname="thinking tag cleaning" time="0" file="test\util\thinking-tags.test.ts" line="32" assertions="1" />
    </testsuite>
  </testsuite>
  <testsuite name="test\util\timeout.test.ts" file="test\util\timeout.test.ts" tests="2" assertions="2" failures="0" skipped="0" time="0" hostname="">
    <testsuite name="withTimeout" file="test\util\timeout.test.ts" line="4" tests="2" assertions="2" failures="0" skipped="0" time="0.032" hostname="">
      <testcase name="should resolve if promise finishes in time" classname="withTimeout" time="0.016" file="test\util\timeout.test.ts" line="5" assertions="1" />
      <testcase name="should reject if promise times out" classname="withTimeout" time="0.016" file="test\util\timeout.test.ts" line="11" assertions="1" />
    </testsuite>
  </testsuite>
  <testsuite name="test\util\token.test.ts" file="test\util\token.test.ts" tests="8" assertions="13" failures="0" skipped="0" time="0" hostname="">
    <testsuite name="Token" file="test\util\token.test.ts" line="4" tests="8" assertions="13" failures="0" skipped="0" time="0" hostname="">
      <testcase name="estimate" classname="Token" time="0" file="test\util\token.test.ts" line="5" assertions="4" />
      <testcase name="toCharCount" classname="Token" time="0" file="test\util\token.test.ts" line="12" assertions="2" />
      <testcase name="toTokenEstimate" classname="Token" time="0" file="test\util\token.test.ts" line="17" assertions="2" />
      <testsuite name="calculateToolResultTokens" file="test\util\token.test.ts" line="22" tests="5" assertions="5" failures="0" skipped="0" time="0.016" hostname="">
        <testcase name="should calculate tokens for completed tool part" classname="calculateToolResultTokens &amp;gt; Token" time="0" file="test\util\token.test.ts" line="23" assertions="1" />
        <testcase name="should handle compacted output" classname="calculateToolResultTokens &amp;gt; Token" time="0" file="test\util\token.test.ts" line="38" assertions="1" />
        <testcase name="should handle error state" classname="calculateToolResultTokens &amp;gt; Token" time="0.016" file="test\util\token.test.ts" line="52" assertions="1" />
        <testcase name="should skip non-tool parts" classname="calculateToolResultTokens &amp;gt; Token" time="0" file="test\util\token.test.ts" line="65" assertions="1" />
        <testcase name="should handle missing state" classname="calculateToolResultTokens &amp;gt; Token" time="0" file="test\util\token.test.ts" line="70" assertions="1" />
      </testsuite>
    </testsuite>
  </testsuite>
  <testsuite name="test\util\wildcard.test.ts" file="test\util\wildcard.test.ts" tests="17" assertions="47" failures="0" skipped="0" time="0" hostname="">
    <testsuite name="Wildcard" file="test\util\wildcard.test.ts" line="4" tests="17" assertions="47" failures="0" skipped="0" time="0" hostname="">
      <testsuite name="match" file="test\util\wildcard.test.ts" line="5" tests="5" assertions="17" failures="0" skipped="0" time="0" hostname="">
        <testcase name="should match simple strings" classname="match &amp;gt; Wildcard" time="0" file="test\util\wildcard.test.ts" line="6" assertions="2" />
        <testcase name="should handle wildcards" classname="match &amp;gt; Wildcard" time="0" file="test\util\wildcard.test.ts" line="11" assertions="3" />
        <testcase name="should handle regex special characters in pattern" classname="match &amp;gt; Wildcard" time="0" file="test\util\wildcard.test.ts" line="17" assertions="8" />
        <testcase name="should handle path separators" classname="match &amp;gt; Wildcard" time="0" file="test\util\wildcard.test.ts" line="28" assertions="2" />
        <testcase name="should handle optional space wildcard" classname="match &amp;gt; Wildcard" time="0" file="test\util\wildcard.test.ts" line="33" assertions="2" />
      </testsuite>
      <testsuite name="all" file="test\util\wildcard.test.ts" line="39" tests="1" assertions="5" failures="0" skipped="0" time="0" hostname="">
        <testcase name="should find best match and handle sorting" classname="all &amp;gt; Wildcard" time="0" file="test\util\wildcard.test.ts" line="40" assertions="5" />
      </testsuite>
      <testsuite name="matchSequence edge cases" file="test\util\wildcard.test.ts" line="56" tests="2" assertions="2" failures="0" skipped="0" time="0" hostname="">
        <testcase name="should handle empty patterns" classname="matchSequence edge cases &amp;gt; Wildcard" time="0" file="test\util\wildcard.test.ts" line="57" assertions="1" />
        <testcase name="should handle * in sequence" classname="matchSequence edge cases &amp;gt; Wildcard" time="0" file="test\util\wildcard.test.ts" line="61" assertions="1" />
      </testsuite>
      <testsuite name="all sorting logic" file="test\util\wildcard.test.ts" line="67" tests="1" assertions="3" failures="0" skipped="0" time="0" hostname="">
        <testcase name="should sort by length then alphabetically" classname="all sorting logic &amp;gt; Wildcard" time="0" file="test\util\wildcard.test.ts" line="68" assertions="3" />
      </testsuite>
      <testsuite name="allStructured" file="test\util\wildcard.test.ts" line="80" tests="8" assertions="20" failures="0" skipped="0" time="0.015" hostname="">
        <testcase name="should match structured input" classname="allStructured &amp;gt; Wildcard" time="0.015" file="test\util\wildcard.test.ts" line="81" assertions="4" />
        <testcase name="should handle sequence matching with *" classname="allStructured &amp;gt; Wildcard" time="0" file="test\util\wildcard.test.ts" line="93" assertions="2" />
        <testcase name="should return acc if matchSequence fails" classname="allStructured &amp;gt; Wildcard" time="0" file="test\util\wildcard.test.ts" line="101" assertions="1" />
        <testcase name="should handle multiple patterns in sequence" classname="allStructured &amp;gt; Wildcard" time="0" file="test\util\wildcard.test.ts" line="106" assertions="4" />
        <testcase name="should handle matchSequence failing with empty items" classname="allStructured &amp;gt; Wildcard" time="0" file="test\util\wildcard.test.ts" line="116" assertions="1" />
        <testcase name="should handle matchSequence with literal parts that don&apos;t match" classname="allStructured &amp;gt; Wildcard" time="0" file="test\util\wildcard.test.ts" line="121" assertions="1" />
        <testcase name="should handle sequence matching with *" classname="allStructured &amp;gt; Wildcard" time="0" file="test\util\wildcard.test.ts" line="126" assertions="3" />
        <testcase name="should handle complex sequence matching" classname="allStructured &amp;gt; Wildcard" time="0" file="test\util\wildcard.test.ts" line="135" assertions="4" />
      </testsuite>
    </testsuite>
  </testsuite>
  <testsuite name="test\cli\tui\transcript.test.ts" file="test\cli\tui\transcript.test.ts" tests="16" assertions="35" failures="0" skipped="0" time="0" hostname="">
    <testsuite name="transcript" file="test\cli\tui\transcript.test.ts" line="10" tests="16" assertions="35" failures="0" skipped="0" time="0" hostname="">
      <testsuite name="formatAssistantHeader" file="test\cli\tui\transcript.test.ts" line="11" tests="4" assertions="4" failures="0" skipped="0" time="0.016" hostname="">
        <testcase name="includes metadata when enabled" classname="formatAssistantHeader &amp;gt; transcript" time="0.016" file="test\cli\tui\transcript.test.ts" line="27" assertions="1" />
        <testcase name="excludes metadata when disabled" classname="formatAssistantHeader &amp;gt; transcript" time="0" file="test\cli\tui\transcript.test.ts" line="32" assertions="1" />
        <testcase name="handles missing completed time" classname="formatAssistantHeader &amp;gt; transcript" time="0" file="test\cli\tui\transcript.test.ts" line="37" assertions="1" />
        <testcase name="titlecases agent name" classname="formatAssistantHeader &amp;gt; transcript" time="0" file="test\cli\tui\transcript.test.ts" line="43" assertions="1" />
      </testsuite>
      <testsuite name="formatPart" file="test\cli\tui\transcript.test.ts" line="50" tests="8" assertions="17" failures="0" skipped="0" time="0.015" hostname="">
        <testcase name="formats text part" classname="formatPart &amp;gt; transcript" time="0" file="test\cli\tui\transcript.test.ts" line="53" assertions="1" />
        <testcase name="skips synthetic text parts" classname="formatPart &amp;gt; transcript" time="0" file="test\cli\tui\transcript.test.ts" line="65" assertions="1" />
        <testcase name="formats reasoning when thinking enabled" classname="formatPart &amp;gt; transcript" time="0" file="test\cli\tui\transcript.test.ts" line="78" assertions="1" />
        <testcase name="skips reasoning when thinking disabled" classname="formatPart &amp;gt; transcript" time="0" file="test\cli\tui\transcript.test.ts" line="91" assertions="1" />
        <testcase name="formats tool part with details" classname="formatPart &amp;gt; transcript" time="0" file="test\cli\tui\transcript.test.ts" line="104" assertions="5" />
        <testcase name="formats tool output containing triple backticks without breaking markdown" classname="formatPart &amp;gt; transcript" time="0" file="test\cli\tui\transcript.test.ts" line="129" assertions="3" />
        <testcase name="formats tool part without details when disabled" classname="formatPart &amp;gt; transcript" time="0.015" file="test\cli\tui\transcript.test.ts" line="154" assertions="3" />
        <testcase name="formats tool error" classname="formatPart &amp;gt; transcript" time="0" file="test\cli\tui\transcript.test.ts" line="177" assertions="2" />
      </testsuite>
      <testsuite name="formatMessage" file="test\cli\tui\transcript.test.ts" line="198" tests="2" assertions="4" failures="0" skipped="0" time="0" hostname="">
        <testcase name="formats user message" classname="formatMessage &amp;gt; transcript" time="0" file="test\cli\tui\transcript.test.ts" line="201" assertions="2" />
        <testcase name="formats assistant message with metadata" classname="formatMessage &amp;gt; transcript" time="0" file="test\cli\tui\transcript.test.ts" line="216" assertions="2" />
      </testsuite>
      <testsuite name="formatTranscript" file="test\cli\tui\transcript.test.ts" line="238" tests="2" assertions="10" failures="0" skipped="0" time="0.016" hostname="">
        <testcase name="formats complete transcript" classname="formatTranscript &amp;gt; transcript" time="0" file="test\cli\tui\transcript.test.ts" line="239" assertions="7" />
        <testcase name="formats transcript without assistant metadata" classname="formatTranscript &amp;gt; transcript" time="0.016" file="test\cli\tui\transcript.test.ts" line="288" assertions="3" />
      </testsuite>
    </testsuite>
  </testsuite>
  <testsuite name="test\provider\copilot\convert-to-copilot-messages.test.ts" file="test\provider\copilot\convert-to-copilot-messages.test.ts" tests="18" assertions="23" failures="0" skipped="0" time="0" hostname="">
    <testsuite name="system messages" file="test\provider\copilot\convert-to-copilot-messages.test.ts" line="4" tests="1" assertions="1" failures="0" skipped="0" time="0" hostname="">
      <testcase name="should convert system message content to string" classname="system messages" time="0" file="test\provider\copilot\convert-to-copilot-messages.test.ts" line="5" assertions="1" />
    </testsuite>
    <testsuite name="user messages" file="test\provider\copilot\convert-to-copilot-messages.test.ts" line="22" tests="5" assertions="5" failures="0" skipped="0" time="0.016" hostname="">
      <testcase name="should convert messages with only a text part to a string content" classname="user messages" time="0.016" file="test\provider\copilot\convert-to-copilot-messages.test.ts" line="23" assertions="1" />
      <testcase name="should convert messages with image parts" classname="user messages" time="0" file="test\provider\copilot\convert-to-copilot-messages.test.ts" line="34" assertions="1" />
      <testcase name="should convert messages with image parts from Uint8Array" classname="user messages" time="0" file="test\provider\copilot\convert-to-copilot-messages.test.ts" line="63" assertions="1" />
      <testcase name="should handle URL-based images" classname="user messages" time="0" file="test\provider\copilot\convert-to-copilot-messages.test.ts" line="92" assertions="1" />
      <testcase name="should handle multiple text parts without flattening" classname="user messages" time="0" file="test\provider\copilot\convert-to-copilot-messages.test.ts" line="119" assertions="1" />
    </testsuite>
    <testsuite name="assistant messages" file="test\provider\copilot\convert-to-copilot-messages.test.ts" line="142" tests="3" assertions="3" failures="0" skipped="0" time="0" hostname="">
      <testcase name="should convert assistant text messages" classname="assistant messages" time="0" file="test\provider\copilot\convert-to-copilot-messages.test.ts" line="143" assertions="1" />
      <testcase name="should handle assistant message with null content when only tool calls" classname="assistant messages" time="0" file="test\provider\copilot\convert-to-copilot-messages.test.ts" line="162" assertions="1" />
      <testcase name="should concatenate multiple text parts" classname="assistant messages" time="0" file="test\provider\copilot\convert-to-copilot-messages.test.ts" line="197" assertions="1" />
    </testsuite>
    <testsuite name="tool calls" file="test\provider\copilot\convert-to-copilot-messages.test.ts" line="212" tests="4" assertions="6" failures="0" skipped="0" time="0" hostname="">
      <testcase name="should stringify arguments to tool calls" classname="tool calls" time="0" file="test\provider\copilot\convert-to-copilot-messages.test.ts" line="213" assertions="1" />
      <testcase name="should handle text output type in tool results" classname="tool calls" time="0" file="test\provider\copilot\convert-to-copilot-messages.test.ts" line="264" assertions="1" />
      <testcase name="should handle multiple tool results as separate messages" classname="tool calls" time="0" file="test\provider\copilot\convert-to-copilot-messages.test.ts" line="288" assertions="3" />
      <testcase name="should handle text plus multiple tool calls" classname="tool calls" time="0" file="test\provider\copilot\convert-to-copilot-messages.test.ts" line="322" assertions="1" />
    </testsuite>
    <testsuite name="reasoning (copilot-specific)" file="test\provider\copilot\convert-to-copilot-messages.test.ts" line="374" tests="4" assertions="4" failures="0" skipped="0" time="0" hostname="">
      <testcase name="should omit reasoning_text without reasoning_opaque" classname="reasoning (copilot-specific)" time="0" file="test\provider\copilot\convert-to-copilot-messages.test.ts" line="375" assertions="1" />
      <testcase name="should include reasoning_opaque from providerOptions" classname="reasoning (copilot-specific)" time="0" file="test\provider\copilot\convert-to-copilot-messages.test.ts" line="397" assertions="1" />
      <testcase name="should include reasoning_opaque from text part providerOptions" classname="reasoning (copilot-specific)" time="0" file="test\provider\copilot\convert-to-copilot-messages.test.ts" line="425" assertions="1" />
      <testcase name="should handle reasoning-only assistant message" classname="reasoning (copilot-specific)" time="0" file="test\provider\copilot\convert-to-copilot-messages.test.ts" line="452" assertions="1" />
    </testsuite>
    <testsuite name="full conversation" file="test\provider\copilot\convert-to-copilot-messages.test.ts" line="480" tests="1" assertions="4" failures="0" skipped="0" time="0" hostname="">
      <testcase name="should convert a multi-turn conversation with reasoning" classname="full conversation" time="0" file="test\provider\copilot\convert-to-copilot-messages.test.ts" line="481" assertions="4" />
    </testsuite>
  </testsuite>
  <testsuite name="test\provider\copilot\copilot-chat-model.test.ts" file="test\provider\copilot\copilot-chat-model.test.ts" tests="11" assertions="62" failures="0" skipped="0" time="0" hostname="">
    <testsuite name="doStream" file="test\provider\copilot\copilot-chat-model.test.ts" line="103" tests="10" assertions="61" failures="0" skipped="0" time="0.233" hostname="">
      <testcase name="should stream text deltas" classname="doStream" time="0.015" file="test\provider\copilot\copilot-chat-model.test.ts" line="104" assertions="1" />
      <testcase name="should stream reasoning with tool calls and capture reasoning_opaque" classname="doStream" time="0.016" file="test\provider\copilot\copilot-chat-model.test.ts" line="130" assertions="10" />
      <testcase name="should handle reasoning_opaque that comes at end with text in between" classname="doStream" time="0.015" file="test\provider\copilot\copilot-chat-model.test.ts" line="212" assertions="11" />
      <testcase name="should handle reasoning_opaque and content in the same chunk" classname="doStream" time="0" file="test\provider\copilot\copilot-chat-model.test.ts" line="272" assertions="11" />
      <testcase name="should handle reasoning_opaque and content followed by tool calls" classname="doStream" time="0" file="test\provider\copilot\copilot-chat-model.test.ts" line="322" assertions="13" />
      <testcase name="should emit reasoning-end before tool-input-start when reasoning goes directly to tool calls" classname="doStream" time="0" file="test\provider\copilot\copilot-chat-model.test.ts" line="399" assertions="10" />
      <testcase name="should attach reasoning_opaque to tool calls without reasoning_text" classname="doStream" time="0.031" file="test\provider\copilot\copilot-chat-model.test.ts" line="456" assertions="2" />
      <testcase name="should include response metadata from first chunk" classname="doStream" time="0.125" file="test\provider\copilot\copilot-chat-model.test.ts" line="485" assertions="1" />
      <testcase name="should emit stream-start with warnings" classname="doStream" time="0.016" file="test\provider\copilot\copilot-chat-model.test.ts" line="504" assertions="1" />
      <testcase name="should include raw chunks when requested" classname="doStream" time="0.015" file="test\provider\copilot\copilot-chat-model.test.ts" line="522" assertions="1" />
    </testsuite>
    <testsuite name="request body" file="test\provider\copilot\copilot-chat-model.test.ts" line="538" tests="1" assertions="1" failures="0" skipped="0" time="0" hostname="">
      <testcase name="should send tools in OpenAI format" classname="request body" time="0" file="test\provider\copilot\copilot-chat-model.test.ts" line="539" assertions="1" />
    </testsuite>
  </testsuite>
</testsuites>
